[1209/194854.974:ERROR:process_info.cc(359)] UncheckedAllocate
[1210/093128.103:ERROR:process_info.cc(359)] UncheckedAllocate
[1210/093128.114:ERROR:process_info.cc(359)] UncheckedAllocate
[1210/095901.184:ERROR:process_info.cc(359)] UncheckedAllocate
[1210/100551.301:ERROR:process_info.cc(359)] UncheckedAllocate
[1210/100551.328:ERROR:process_info.cc(359)] UncheckedAllocate
[1210/105508.382:ERROR:process_info.cc(359)] UncheckedAllocate
[1210/105754.435:ERROR:process_info.cc(359)] UncheckedAllocate
[1210/105815.380:ERROR:filesystem_win.cc(148)] DeleteFile C:\Users\Administrator\AppData\Local\Google\Chrome\User Data\Crashpad\reports\61c281ca-8bbd-469c-978b-9cea8eca556d.dmp: 另一个程序正在使用此文件，进程无法访问。 (0x20)
[1210/110946.113:ERROR:process_info.cc(359)] UncheckedAllocate
[1210/115226.035:ERROR:registration_protocol_win.cc(56)] CreateFile: 系统找不到指定的文件。 (0x2)
[1210/115439.136:ERROR:registration_protocol_win.cc(56)] CreateFile: 系统找不到指定的文件。 (0x2)
[1210/115643.539:ERROR:registration_protocol_win.cc(56)] CreateFile: 系统找不到指定的文件。 (0x2)
[1210/124149.167:ERROR:registration_protocol_win.cc(56)] CreateFile: 系统找不到指定的文件。 (0x2)
[1210/124151.837:ERROR:registration_protocol_win.cc(56)] CreateFile: 系统找不到指定的文件。 (0x2)
[1210/124213.073:ERROR:registration_protocol_win.cc(56)] CreateFile: 系统找不到指定的文件。 (0x2)
[1210/124438.633:ERROR:registration_protocol_win.cc(56)] CreateFile: 系统找不到指定的文件。 (0x2)
[1210/124440.507:ERROR:registration_protocol_win.cc(56)] CreateFile: 系统找不到指定的文件。 (0x2)
[1210/130422.923:ERROR:registration_protocol_win.cc(56)] CreateFile: 系统找不到指定的文件。 (0x2)
[1210/130658.470:ERROR:registration_protocol_win.cc(56)] CreateFile: 系统找不到指定的文件。 (0x2)
[1210/130703.521:ERROR:registration_protocol_win.cc(56)] CreateFile: 系统找不到指定的文件。 (0x2)
[1210/131903.671:ERROR:registration_protocol_win.cc(56)] CreateFile: 系统找不到指定的文件。 (0x2)
[1210/132854.049:ERROR:registration_protocol_win.cc(56)] CreateFile: 系统找不到指定的文件。 (0x2)
[1210/152504.387:ERROR:registration_protocol_win.cc(56)] CreateFile: 系统找不到指定的文件。 (0x2)
[1210/153053.066:ERROR:registration_protocol_win.cc(56)] CreateFile: 系统找不到指定的文件。 (0x2)
[1210/153055.600:ERROR:registration_protocol_win.cc(56)] CreateFile: 系统找不到指定的文件。 (0x2)
[1210/153058.880:ERROR:registration_protocol_win.cc(56)] CreateFile: 系统找不到指定的文件。 (0x2)
[1210/153100.973:ERROR:registration_protocol_win.cc(56)] CreateFile: 系统找不到指定的文件。 (0x2)
[1210/153102.748:ERROR:registration_protocol_win.cc(56)] CreateFile: 系统找不到指定的文件。 (0x2)
[1210/153139.704:ERROR:registration_protocol_win.cc(56)] CreateFile: 系统找不到指定的文件。 (0x2)
[1210/153159.488:ERROR:registration_protocol_win.cc(56)] CreateFile: 系统找不到指定的文件。 (0x2)
[1210/153226.004:ERROR:registration_protocol_win.cc(56)] CreateFile: 系统找不到指定的文件。 (0x2)
[1210/153348.306:ERROR:registration_protocol_win.cc(56)] CreateFile: 系统找不到指定的文件。 (0x2)
[1210/153421.199:ERROR:registration_protocol_win.cc(56)] CreateFile: 系统找不到指定的文件。 (0x2)
[1210/153436.000:ERROR:registration_protocol_win.cc(56)] CreateFile: 系统找不到指定的文件。 (0x2)
[1210/153455.289:ERROR:registration_protocol_win.cc(56)] CreateFile: 系统找不到指定的文件。 (0x2)
[1210/153501.281:ERROR:registration_protocol_win.cc(56)] CreateFile: 系统找不到指定的文件。 (0x2)
[1210/153511.245:ERROR:registration_protocol_win.cc(56)] CreateFile: 系统找不到指定的文件。 (0x2)
[1210/154323.289:ERROR:registration_protocol_win.cc(56)] CreateFile: 系统找不到指定的文件。 (0x2)
[1210/154331.812:ERROR:registration_protocol_win.cc(56)] CreateFile: 系统找不到指定的文件。 (0x2)
[1210/160335.209:ERROR:registration_protocol_win.cc(56)] CreateFile: 系统找不到指定的文件。 (0x2)
[1210/163740.116:ERROR:registration_protocol_win.cc(56)] CreateFile: 系统找不到指定的文件。 (0x2)
[1210/171515.330:ERROR:registration_protocol_win.cc(56)] CreateFile: 系统找不到指定的文件。 (0x2)
[1210/171621.803:ERROR:registration_protocol_win.cc(56)] CreateFile: 系统找不到指定的文件。 (0x2)
[1210/171628.371:ERROR:registration_protocol_win.cc(56)] CreateFile: 系统找不到指定的文件。 (0x2)
[1210/171642.542:ERROR:registration_protocol_win.cc(56)] CreateFile: 系统找不到指定的文件。 (0x2)
[1210/171700.146:ERROR:registration_protocol_win.cc(56)] CreateFile: 系统找不到指定的文件。 (0x2)
[1210/171707.978:ERROR:registration_protocol_win.cc(56)] CreateFile: 系统找不到指定的文件。 (0x2)
[1210/173403.725:ERROR:registration_protocol_win.cc(56)] CreateFile: 系统找不到指定的文件。 (0x2)
[1210/173452.650:ERROR:registration_protocol_win.cc(56)] CreateFile: 系统找不到指定的文件。 (0x2)
[1210/173539.820:ERROR:registration_protocol_win.cc(56)] CreateFile: 系统找不到指定的文件。 (0x2)
[1210/173551.656:ERROR:registration_protocol_win.cc(56)] CreateFile: 系统找不到指定的文件。 (0x2)
[1210/175725.654:ERROR:registration_protocol_win.cc(56)] CreateFile: 系统找不到指定的文件。 (0x2)
[1210/175838.998:ERROR:registration_protocol_win.cc(56)] CreateFile: 系统找不到指定的文件。 (0x2)
[1210/175844.520:ERROR:registration_protocol_win.cc(56)] CreateFile: 系统找不到指定的文件。 (0x2)
[1210/175850.894:ERROR:registration_protocol_win.cc(56)] CreateFile: 系统找不到指定的文件。 (0x2)
[1210/175857.291:ERROR:registration_protocol_win.cc(56)] CreateFile: 系统找不到指定的文件。 (0x2)
[1210/175904.497:ERROR:registration_protocol_win.cc(56)] CreateFile: 系统找不到指定的文件。 (0x2)
[1210/175914.767:ERROR:registration_protocol_win.cc(56)] CreateFile: 系统找不到指定的文件。 (0x2)
[1210/175922.209:ERROR:registration_protocol_win.cc(56)] CreateFile: 系统找不到指定的文件。 (0x2)
[1210/175931.179:ERROR:registration_protocol_win.cc(56)] CreateFile: 系统找不到指定的文件。 (0x2)
[1210/175941.398:ERROR:registration_protocol_win.cc(56)] CreateFile: 系统找不到指定的文件。 (0x2)
[1210/180014.036:ERROR:registration_protocol_win.cc(56)] CreateFile: 系统找不到指定的文件。 (0x2)
[1210/180019.448:ERROR:registration_protocol_win.cc(56)] CreateFile: 系统找不到指定的文件。 (0x2)
[1210/180028.857:ERROR:registration_protocol_win.cc(56)] CreateFile: 系统找不到指定的文件。 (0x2)
[1210/180519.970:ERROR:registration_protocol_win.cc(56)] CreateFile: 系统找不到指定的文件。 (0x2)
[1210/180546.760:ERROR:registration_protocol_win.cc(56)] CreateFile: 系统找不到指定的文件。 (0x2)
[1210/180659.048:ERROR:registration_protocol_win.cc(56)] CreateFile: 系统找不到指定的文件。 (0x2)
[1210/180705.597:ERROR:registration_protocol_win.cc(56)] CreateFile: 系统找不到指定的文件。 (0x2)
[1210/180711.831:ERROR:registration_protocol_win.cc(56)] CreateFile: 系统找不到指定的文件。 (0x2)
[1210/180810.525:ERROR:registration_protocol_win.cc(56)] CreateFile: 系统找不到指定的文件。 (0x2)
[1210/181732.766:ERROR:registration_protocol_win.cc(56)] CreateFile: 系统找不到指定的文件。 (0x2)
[1210/181808.878:ERROR:registration_protocol_win.cc(56)] CreateFile: 系统找不到指定的文件。 (0x2)
[1210/181828.057:ERROR:registration_protocol_win.cc(56)] CreateFile: 系统找不到指定的文件。 (0x2)
[1210/181935.297:ERROR:registration_protocol_win.cc(56)] CreateFile: 系统找不到指定的文件。 (0x2)
[1210/182015.227:ERROR:registration_protocol_win.cc(56)] CreateFile: 系统找不到指定的文件。 (0x2)
[1210/182119.888:ERROR:registration_protocol_win.cc(56)] CreateFile: 系统找不到指定的文件。 (0x2)
[1210/182356.633:ERROR:registration_protocol_win.cc(56)] CreateFile: 系统找不到指定的文件。 (0x2)
[1210/182440.199:ERROR:registration_protocol_win.cc(56)] CreateFile: 系统找不到指定的文件。 (0x2)
[1210/182842.450:ERROR:registration_protocol_win.cc(56)] CreateFile: 系统找不到指定的文件。 (0x2)
[1210/183151.251:ERROR:registration_protocol_win.cc(56)] CreateFile: 系统找不到指定的文件。 (0x2)
[1210/183302.250:ERROR:registration_protocol_win.cc(56)] CreateFile: 系统找不到指定的文件。 (0x2)
[1210/184204.938:ERROR:registration_protocol_win.cc(56)] CreateFile: 系统找不到指定的文件。 (0x2)
[1210/184330.929:ERROR:registration_protocol_win.cc(56)] CreateFile: 系统找不到指定的文件。 (0x2)
[1210/184426.389:ERROR:registration_protocol_win.cc(56)] CreateFile: 系统找不到指定的文件。 (0x2)
[1210/190426.052:ERROR:registration_protocol_win.cc(56)] CreateFile: 系统找不到指定的文件。 (0x2)
[1210/190827.254:ERROR:registration_protocol_win.cc(56)] CreateFile: 系统找不到指定的文件。 (0x2)
[1210/195830.980:ERROR:registration_protocol_win.cc(56)] CreateFile: 系统找不到指定的文件。 (0x2)
[1210/200302.685:ERROR:registration_protocol_win.cc(56)] CreateFile: 系统找不到指定的文件。 (0x2)
[1210/200304.333:ERROR:registration_protocol_win.cc(56)] CreateFile: 系统找不到指定的文件。 (0x2)
[1211/152020.280:ERROR:process_info.cc(359)] UncheckedAllocate
[1211/155028.314:ERROR:process_info.cc(359)] UncheckedAllocate
[1211/163004.769:ERROR:registration_protocol_win.cc(56)] CreateFile: 系统找不到指定的文件。 (0x2)
[1211/163459.590:ERROR:registration_protocol_win.cc(56)] CreateFile: 系统找不到指定的文件。 (0x2)
[1211/163638.383:ERROR:registration_protocol_win.cc(56)] CreateFile: 系统找不到指定的文件。 (0x2)
[1211/163822.037:ERROR:registration_protocol_win.cc(56)] CreateFile: 系统找不到指定的文件。 (0x2)
[1211/172056.783:ERROR:registration_protocol_win.cc(56)] CreateFile: 系统找不到指定的文件。 (0x2)
[1211/172100.628:ERROR:registration_protocol_win.cc(56)] CreateFile: 系统找不到指定的文件。 (0x2)
[1211/172128.092:ERROR:registration_protocol_win.cc(56)] CreateFile: 系统找不到指定的文件。 (0x2)
[1211/172204.854:ERROR:registration_protocol_win.cc(56)] CreateFile: 系统找不到指定的文件。 (0x2)
[1211/172426.356:ERROR:registration_protocol_win.cc(56)] CreateFile: 系统找不到指定的文件。 (0x2)
[1213/085129.657:ERROR:process_info.cc(359)] UncheckedAllocate
[1213/152813.715:ERROR:process_info.cc(359)] UncheckedAllocate
[1213/152943.179:ERROR:process_info.cc(359)] UncheckedAllocate
[1213/183129.593:ERROR:process_info.cc(359)] UncheckedAllocate
[1213/183129.730:ERROR:process_info.cc(359)] UncheckedAllocate
[1213/183144.014:ERROR:registration_protocol_win.cc(56)] CreateFile: 系统找不到指定的文件。 (0x2)
[1213/183748.727:ERROR:process_info.cc(359)] UncheckedAllocate
[1213/183748.800:ERROR:process_info.cc(359)] UncheckedAllocate
[1213/184348.368:ERROR:registration_protocol_win.cc(56)] CreateFile: 系统找不到指定的文件。 (0x2)
[1213/184602.656:ERROR:registration_protocol_win.cc(56)] CreateFile: 系统找不到指定的文件。 (0x2)
[1214/104346.728:ERROR:process_info.cc(359)] UncheckedAllocate
[1214/104346.756:ERROR:file_io.cc(134)] WriteFile: Error (0x13D) while retrieving error. (0x5AD)
[1214/104346.794:ERROR:crash_report_exception_handler.cc(111)] WriteEverything failed
[1214/104346.795:ERROR:filesystem_win.cc(148)] DeleteFile C:\Users\Administrator\AppData\Local\Google\Chrome\User Data\Crashpad\reports\ebb716e1-5866-42c9-9de7-488ff6bc9644.dmp: Error (0x13D) while retrieving error. (0x20)
[1214/104431.863:ERROR:process_info.cc(359)] UncheckedAllocate
[1214/104510.165:ERROR:registration_protocol_win.cc(56)] CreateFile: 系统找不到指定的文件。 (0x2)
[1214/104624.570:ERROR:registration_protocol_win.cc(56)] CreateFile: 系统找不到指定的文件。 (0x2)
[1214/115532.303:ERROR:crashpad_client_win.cc(175)] crash server did not respond, self-terminating
[1214/144535.299:ERROR:process_info.cc(359)] UncheckedAllocate
[1214/150821.929:ERROR:process_info.cc(359)] UncheckedAllocate
